c:\users\gerri\desktop\c++ graphics stuff\atari breakout\engine\release\ball.obj
c:\users\gerri\desktop\c++ graphics stuff\atari breakout\engine\release\mainwindow.obj
c:\users\gerri\desktop\c++ graphics stuff\atari breakout\engine\release\trump.obj
c:\users\gerri\desktop\c++ graphics stuff\atari breakout\engine\release\dxerr.obj
c:\users\gerri\desktop\c++ graphics stuff\atari breakout\engine\release\keyboard.obj
c:\users\gerri\desktop\c++ graphics stuff\atari breakout\engine\release\mouse.obj
c:\users\gerri\desktop\c++ graphics stuff\atari breakout\engine\release\score.obj
c:\users\gerri\desktop\c++ graphics stuff\atari breakout\engine\release\sound.obj
c:\users\gerri\desktop\c++ graphics stuff\atari breakout\engine\release\game.obj
c:\users\gerri\desktop\c++ graphics stuff\atari breakout\engine\release\main.obj
c:\users\gerri\desktop\c++ graphics stuff\atari breakout\engine\release\spritecodex.obj
c:\users\gerri\desktop\c++ graphics stuff\atari breakout\engine\release\brick.obj
c:\users\gerri\desktop\c++ graphics stuff\atari breakout\engine\release\graphics.obj
c:\users\gerri\desktop\c++ graphics stuff\atari breakout\engine\release\paddle.obj
c:\users\gerri\desktop\c++ graphics stuff\atari breakout\engine\release\vc141.pdb
c:\users\gerri\desktop\c++ graphics stuff\atari breakout\release\engine.ipdb
c:\users\gerri\desktop\c++ graphics stuff\atari breakout\release\engine.iobj
c:\users\gerri\desktop\c++ graphics stuff\atari breakout\engine\framebufferps.shh
c:\users\gerri\desktop\c++ graphics stuff\atari breakout\engine\framebuffervs.shh
c:\users\gerri\desktop\c++ graphics stuff\atari breakout\release\engine.exe
c:\users\gerri\desktop\c++ graphics stuff\atari breakout\release\engine.pdb
c:\users\gerri\desktop\c++ graphics stuff\atari breakout\engine\release\resource.res
c:\users\gerri\desktop\c++ graphics stuff\atari breakout\engine\release\engine.tlog\cl.6760.write.1.tlog
c:\users\gerri\desktop\c++ graphics stuff\atari breakout\engine\release\engine.tlog\cl.command.1.tlog
c:\users\gerri\desktop\c++ graphics stuff\atari breakout\engine\release\engine.tlog\cl.read.1.tlog
c:\users\gerri\desktop\c++ graphics stuff\atari breakout\engine\release\engine.tlog\engine.write.1u.tlog
c:\users\gerri\desktop\c++ graphics stuff\atari breakout\engine\release\engine.tlog\fxc.command.1.tlog
c:\users\gerri\desktop\c++ graphics stuff\atari breakout\engine\release\engine.tlog\fxc.read.1.tlog
c:\users\gerri\desktop\c++ graphics stuff\atari breakout\engine\release\engine.tlog\fxc.write.1.tlog
c:\users\gerri\desktop\c++ graphics stuff\atari breakout\engine\release\engine.tlog\link.command.1.tlog
c:\users\gerri\desktop\c++ graphics stuff\atari breakout\engine\release\engine.tlog\link.read.1.tlog
c:\users\gerri\desktop\c++ graphics stuff\atari breakout\engine\release\engine.tlog\link.write.1.tlog
c:\users\gerri\desktop\c++ graphics stuff\atari breakout\engine\release\engine.tlog\rc.command.1.tlog
c:\users\gerri\desktop\c++ graphics stuff\atari breakout\engine\release\engine.tlog\rc.read.1.tlog
c:\users\gerri\desktop\c++ graphics stuff\atari breakout\engine\release\engine.tlog\rc.write.1.tlog
