  Game.cpp
  Main.cpp
  MainWindow.cpp
c:\users\gerri\desktop\c++ graphics stuff\atari breakout\engine\game.cpp(50): warning C4244: 'argument': conversion from 'time_t' to 'unsigned int', possible loss of data
c:\users\gerri\desktop\c++ graphics stuff\atari breakout\engine\game.cpp(78): warning C4553: '==': result of expression not used; did you intend '='?
c:\users\gerri\desktop\c++ graphics stuff\atari breakout\engine\game.cpp(138): warning C4553: '==': result of expression not used; did you intend '='?
c:\users\gerri\desktop\c++ graphics stuff\atari breakout\engine\game.cpp(160): warning C4244: '-=': conversion from 'double' to 'int', possible loss of data
c:\users\gerri\desktop\c++ graphics stuff\atari breakout\engine\game.cpp(163): warning C4244: '-=': conversion from 'double' to 'int', possible loss of data
c:\users\gerri\desktop\c++ graphics stuff\atari breakout\engine\game.cpp(166): warning C4244: '+=': conversion from 'double' to 'int', possible loss of data
c:\users\gerri\desktop\c++ graphics stuff\atari breakout\engine\game.cpp(169): warning C4244: '+=': conversion from 'double' to 'int', possible loss of data
c:\users\gerri\desktop\c++ graphics stuff\atari breakout\engine\game.cpp(464): warning C4554: '&': check operator precedence for possible error; use parentheses to clarify precedence
c:\users\gerri\desktop\c++ graphics stuff\atari breakout\engine\game.cpp(484): warning C4554: '&': check operator precedence for possible error; use parentheses to clarify precedence
c:\users\gerri\desktop\c++ graphics stuff\atari breakout\engine\game.cpp(502): warning C4554: '&': check operator precedence for possible error; use parentheses to clarify precedence
c:\users\gerri\desktop\c++ graphics stuff\atari breakout\engine\game.cpp(522): warning C4554: '&': check operator precedence for possible error; use parentheses to clarify precedence
c:\users\gerri\desktop\c++ graphics stuff\atari breakout\engine\game.cpp(554): warning C4554: '&': check operator precedence for possible error; use parentheses to clarify precedence
c:\users\gerri\desktop\c++ graphics stuff\atari breakout\engine\game.cpp(572): warning C4554: '&': check operator precedence for possible error; use parentheses to clarify precedence
c:\users\gerri\desktop\c++ graphics stuff\atari breakout\engine\game.cpp(590): warning C4554: '&': check operator precedence for possible error; use parentheses to clarify precedence
c:\users\gerri\desktop\c++ graphics stuff\atari breakout\engine\game.cpp(608): warning C4554: '&': check operator precedence for possible error; use parentheses to clarify precedence
c:\users\gerri\desktop\c++ graphics stuff\atari breakout\engine\game.cpp(638): warning C4554: '&': check operator precedence for possible error; use parentheses to clarify precedence
c:\users\gerri\desktop\c++ graphics stuff\atari breakout\engine\game.cpp(658): warning C4554: '&': check operator precedence for possible error; use parentheses to clarify precedence
c:\users\gerri\desktop\c++ graphics stuff\atari breakout\engine\game.cpp(678): warning C4554: '&': check operator precedence for possible error; use parentheses to clarify precedence
c:\users\gerri\desktop\c++ graphics stuff\atari breakout\engine\game.cpp(698): warning C4554: '&': check operator precedence for possible error; use parentheses to clarify precedence
c:\users\gerri\desktop\c++ graphics stuff\atari breakout\engine\game.cpp(731): warning C4554: '&': check operator precedence for possible error; use parentheses to clarify precedence
c:\users\gerri\desktop\c++ graphics stuff\atari breakout\engine\game.cpp(751): warning C4554: '&': check operator precedence for possible error; use parentheses to clarify precedence
c:\users\gerri\desktop\c++ graphics stuff\atari breakout\engine\game.cpp(770): warning C4554: '&': check operator precedence for possible error; use parentheses to clarify precedence
c:\users\gerri\desktop\c++ graphics stuff\atari breakout\engine\game.cpp(789): warning C4554: '&': check operator precedence for possible error; use parentheses to clarify precedence
  Generating code
  89 of 1081 functions ( 8.2%) were compiled, the rest were copied from previous compilation.
    1 functions were new in current compilation
    92 functions had inline decision re-evaluated but remain unchanged
  Finished generating code
  Engine.vcxproj -> C:\Users\Gerri\Desktop\C++ Graphics Stuff\Atari Breakout\Release\Engine.exe
